11:36:42.105 [main]  INFO  com.intuit.karate - Karate version: 1.4.1.RC5
11:36:43.253 [main]  INFO  c.intuit.karate.core.FeatureRuntime - found scenario at line: 3
11:36:48.797 [main]  DEBUG com.intuit.karate - request:
1 > GET https://reqres.in/api/user/2
1 > Host: reqres.in
1 > Connection: Keep-Alive
1 > User-Agent: Apache-HttpClient/4.5.14 (Java/11.0.20.1)
1 > Accept-Encoding: gzip,deflate


11:36:56.164 [main]  ERROR com.intuit.karate - java.net.UnknownHostException: Host desconocido (reqres.in), http call failed after 9822 milliseconds for url: https://reqres.in/api/user/2
11:36:56.220 [main]  ERROR com.intuit.karate - src/test/java/users/get/get-user.feature:5
When method get
http call failed after 9822 milliseconds for url: https://reqres.in/api/user/2
java.net.UnknownHostException: Host desconocido (reqres.in)
src/test/java/users/get/get-user.feature:5
11:36:59.117 [main]  INFO  com.intuit.karate.Suite - <<fail>> feature 1 of 1 (0 remaining) src/test/java/users/get/get-user.feature
11:39:34.894 [main]  INFO  com.intuit.karate - Karate version: 1.4.1.RC5
11:39:35.929 [main]  INFO  com.intuit.karate.Suite - backed up existing 'target\karate-reports' dir to: target\karate-reports_1697560775919
11:39:36.002 [main]  INFO  c.intuit.karate.core.FeatureRuntime - found scenario at line: 3
11:39:40.699 [main]  DEBUG com.intuit.karate - request:
1 > GET https://reqres.in/api/user/2
1 > Host: reqres.in
1 > Connection: Keep-Alive
1 > User-Agent: Apache-HttpClient/4.5.14 (Java/11.0.20.1)
1 > Accept-Encoding: gzip,deflate


11:39:43.888 [main]  DEBUG com.intuit.karate - response time in milliseconds: 3135
1 < 200
1 < Date: Tue, 17 Oct 2023 16:39:12 GMT
1 < Content-Type: application/json; charset=utf-8
1 < Transfer-Encoding: chunked
1 < Connection: keep-alive
1 < X-Powered-By: Express
1 < Access-Control-Allow-Origin: *
1 < Etag: W/"e8-ov4wWh4/OY1IMQMqWgskYtOFnVs"
1 < Via: 1.1 vegur
1 < Cache-Control: max-age=14400
1 < CF-Cache-Status: MISS
1 < Report-To: {"endpoints":[{"url":"https:\/\/a.nel.cloudflare.com\/report\/v3?s=67N1OIwid56JGIBZFmOoCdRVkdzmH23ZqBNIb5GGl8%2Fib5L6oZclGtMuz%2BVBVfNLKXRp9cr6AiuWLIWVtTAuLSwpiTnUR9nX3SROMgLVYXMZLCG6Fxvk34yjaw%3D%3D"}],"group":"cf-nel","max_age":604800}
1 < NEL: {"success_fraction":0,"report_to":"cf-nel","max_age":604800}
1 < Vary: Accept-Encoding
1 < Server: cloudflare
1 < CF-RAY: 8179f9effbd8da8f-MIA
{"data":{"id":2,"name":"fuchsia rose","year":2001,"color":"#C74375","pantone_value":"17-2031"},"support":{"url":"https://reqres.in/#support-heading","text":"To keep ReqRes free, contributions towards server costs are appreciated!"}}

11:39:46.429 [main]  INFO  com.intuit.karate.Suite - <<pass>> feature 1 of 1 (0 remaining) src/test/java/users/get/get-user.feature
11:43:35.862 [main]  INFO  com.intuit.karate - Karate version: 1.4.1.RC5
11:43:37.520 [main]  INFO  com.intuit.karate.Suite - backed up existing 'target\karate-reports' dir to: target\karate-reports_1697561017504
11:43:37.621 [main]  INFO  c.intuit.karate.core.FeatureRuntime - found scenario at line: 3
11:43:44.709 [main]  DEBUG com.intuit.karate - request:
1 > POST https://reqres.in/api/user/
1 > Content-Type: application/json; charset=UTF-8
1 > Content-Length: 33
1 > Host: reqres.in
1 > Connection: Keep-Alive
1 > User-Agent: Apache-HttpClient/4.5.14 (Java/11.0.20.1)
1 > Accept-Encoding: gzip,deflate
{"name":"juan","job":"developer"}

11:43:48.773 [main]  DEBUG com.intuit.karate - response time in milliseconds: 4049
1 < 201
1 < Date: Tue, 17 Oct 2023 16:43:16 GMT
1 < Content-Type: application/json; charset=utf-8
1 < Content-Length: 83
1 < Connection: keep-alive
1 < X-Powered-By: Express
1 < Access-Control-Allow-Origin: *
1 < Etag: W/"53-QECPnTZVL1PCvp6+JZ15pXadexo"
1 < Via: 1.1 vegur
1 < CF-Cache-Status: DYNAMIC
1 < Report-To: {"endpoints":[{"url":"https:\/\/a.nel.cloudflare.com\/report\/v3?s=i4K9c4gw0GCTwiBLTnVGglDJwDz80rA1D1TfAbf23O36ni1kZK8KJPQexeWBMpl%2FNyacEBqsyhF0GCh%2FbuwkgokOs3irKa9r862m9kPzEVJr1fMbUQzfcLNzdQ%3D%3D"}],"group":"cf-nel","max_age":604800}
1 < NEL: {"success_fraction":0,"report_to":"cf-nel","max_age":604800}
1 < Server: cloudflare
1 < CF-RAY: 8179ffe408f76dda-MIA
{"name":"juan","job":"developer","id":"845","createdAt":"2023-10-17T16:43:16.676Z"}

11:43:51.689 [main]  INFO  com.intuit.karate.Suite - <<pass>> feature 1 of 1 (0 remaining) src/test/java/users/post/user-post.feature
11:47:11.969 [main]  INFO  com.intuit.karate - Karate version: 1.4.1.RC5
11:47:13.977 [main]  INFO  com.intuit.karate.Suite - backed up existing 'target\karate-reports' dir to: target\karate-reports_1697561233951
11:47:14.157 [main]  INFO  c.intuit.karate.core.FeatureRuntime - found scenario at line: 3
11:47:23.111 [main]  DEBUG com.intuit.karate - request:
1 > DELETE https://reqres.in/api/user/2
1 > Host: reqres.in
1 > Connection: Keep-Alive
1 > User-Agent: Apache-HttpClient/4.5.14 (Java/11.0.20.1)
1 > Accept-Encoding: gzip,deflate


11:47:30.294 [main]  DEBUG com.intuit.karate - response time in milliseconds: 7164
1 < 204
1 < Date: Tue, 17 Oct 2023 16:47:00 GMT
1 < Content-Length: 0
1 < Connection: keep-alive
1 < X-Powered-By: Express
1 < Access-Control-Allow-Origin: *
1 < Etag: W/"2-vyGp6PvFo4RvsFtPoIWeCReyIC8"
1 < Via: 1.1 vegur
1 < CF-Cache-Status: DYNAMIC
1 < Report-To: {"endpoints":[{"url":"https:\/\/a.nel.cloudflare.com\/report\/v3?s=Ev9StUJggNeODbjUKFvGWAYtTJoBlalaKM3J5Hroz9fuX5UZqFDc2JdgPi1tcGbcB%2BF9pl%2FI33DwkDE3LsmcjMltvcIX7P0OCoca%2Bdssk6bHNaeUnk%2FxGxafaA%3D%3D"}],"group":"cf-nel","max_age":604800}
1 < NEL: {"success_fraction":0,"report_to":"cf-nel","max_age":604800}
1 < Server: cloudflare
1 < CF-RAY: 817a0558887e4958-MIA


11:47:34.378 [main]  INFO  com.intuit.karate.Suite - <<pass>> feature 1 of 1 (0 remaining) src/test/java/users/delete/delete-user.feature
11:47:51.299 [main]  INFO  com.intuit.karate - Karate version: 1.4.1.RC5
11:47:52.803 [main]  INFO  com.intuit.karate.Suite - backed up existing 'target\karate-reports' dir to: target\karate-reports_1697561272790
11:47:52.881 [main]  INFO  c.intuit.karate.core.FeatureRuntime - found scenario at line: 3
11:48:00.924 [main]  DEBUG com.intuit.karate - request:
1 > DELETE https://reqres.in/api/user/2
1 > Host: reqres.in
1 > Connection: Keep-Alive
1 > User-Agent: Apache-HttpClient/4.5.14 (Java/11.0.20.1)
1 > Accept-Encoding: gzip,deflate


11:48:02.182 [main]  DEBUG com.intuit.karate - response time in milliseconds: 1247
1 < 204
1 < Date: Tue, 17 Oct 2023 16:47:32 GMT
1 < Content-Length: 0
1 < Connection: keep-alive
1 < X-Powered-By: Express
1 < Access-Control-Allow-Origin: *
1 < Etag: W/"2-vyGp6PvFo4RvsFtPoIWeCReyIC8"
1 < Via: 1.1 vegur
1 < CF-Cache-Status: DYNAMIC
1 < Report-To: {"endpoints":[{"url":"https:\/\/a.nel.cloudflare.com\/report\/v3?s=2EQbvzlEZsYk0INqDNJwRLfjmqzAiOtTqfWV28gDGs%2BOHwglZafJlRRFti9tlEYOMYaLUja0LwKpZOfRlyn3N3QDXUuwfB95z7lxGApKAEAdkktp2xhriI0m5w%3D%3D"}],"group":"cf-nel","max_age":604800}
1 < NEL: {"success_fraction":0,"report_to":"cf-nel","max_age":604800}
1 < Server: cloudflare
1 < CF-RAY: 817a06200dbc0a1e-MIA


11:48:05.602 [main]  INFO  com.intuit.karate.Suite - <<pass>> feature 1 of 1 (0 remaining) src/test/java/users/delete/delete-user.feature
11:53:35.393 [main]  INFO  com.intuit.karate - Karate version: 1.4.1.RC5
11:53:36.881 [main]  INFO  com.intuit.karate.Suite - backed up existing 'target\karate-reports' dir to: target\karate-reports_1697561616862
11:53:36.999 [main]  INFO  c.intuit.karate.core.FeatureRuntime - found scenario at line: 3
11:53:45.450 [main]  DEBUG com.intuit.karate - request:
1 > POST https://reqres.in/api/user/
1 > Content-Type: application/json; charset=UTF-8
1 > Content-Length: 33
1 > Host: reqres.in
1 > Connection: Keep-Alive
1 > User-Agent: Apache-HttpClient/4.5.14 (Java/11.0.20.1)
1 > Accept-Encoding: gzip,deflate
{"name":"juan","job":"developer"}

11:53:47.144 [main]  DEBUG com.intuit.karate - response time in milliseconds: 1660
1 < 201
1 < Date: Tue, 17 Oct 2023 16:53:17 GMT
1 < Content-Type: application/json; charset=utf-8
1 < Content-Length: 83
1 < Connection: keep-alive
1 < Report-To: {"group":"heroku-nel","max_age":3600,"endpoints":[{"url":"https://nel.heroku.com/reports?ts=1697561596&sid=c4c9725f-1ab0-44d8-820f-430df2718e11&s=BtsvChW3kFJ3zv1IK27fTKGJASpcGaKs4uU27N2cMoQ%3D"}]}
1 < Reporting-Endpoints: heroku-nel=https://nel.heroku.com/reports?ts=1697561596&sid=c4c9725f-1ab0-44d8-820f-430df2718e11&s=BtsvChW3kFJ3zv1IK27fTKGJASpcGaKs4uU27N2cMoQ%3D
1 < Nel: {"report_to":"heroku-nel","max_age":3600,"success_fraction":0.005,"failure_fraction":0.05,"response_headers":["Via"]}
1 < X-Powered-By: Express
1 < Access-Control-Allow-Origin: *
1 < Etag: W/"53-cUGZU32yHrwx2rmQR5wY+mcaY2M"
1 < Via: 1.1 vegur
1 < CF-Cache-Status: DYNAMIC
1 < Server: cloudflare
1 < CF-RAY: 817a0e8bf87721bb-MIA
{"name":"juan","job":"developer","id":"369","createdAt":"2023-10-17T16:53:16.980Z"}

11:53:49.677 [main]  INFO  com.intuit.karate.Suite - <<pass>> feature 1 of 1 (0 remaining) src/test/java/users/post/user-post.feature
11:55:25.113 [main]  INFO  com.intuit.karate - Karate version: 1.4.1.RC5
11:55:26.429 [main]  INFO  com.intuit.karate.Suite - backed up existing 'target\karate-reports' dir to: target\karate-reports_1697561726414
11:55:26.529 [main]  INFO  c.intuit.karate.core.FeatureRuntime - found scenario at line: 3
11:55:35.646 [main]  DEBUG com.intuit.karate - request:
1 > POST https://reqres.in/api/user/
1 > Content-Type: application/json; charset=UTF-8
1 > Content-Length: 33
1 > Host: reqres.in
1 > Connection: Keep-Alive
1 > User-Agent: Apache-HttpClient/4.5.14 (Java/11.0.20.1)
1 > Accept-Encoding: gzip,deflate
{"name":"juan","job":"developer"}

11:55:37.065 [main]  DEBUG com.intuit.karate - response time in milliseconds: 1397
1 < 201
1 < Date: Tue, 17 Oct 2023 16:55:06 GMT
1 < Content-Type: application/json; charset=utf-8
1 < Content-Length: 83
1 < Connection: keep-alive
1 < X-Powered-By: Express
1 < Access-Control-Allow-Origin: *
1 < Etag: W/"53-I6K//Y9aWWL1XShR4XhCOGDCG8k"
1 < Via: 1.1 vegur
1 < CF-Cache-Status: DYNAMIC
1 < Report-To: {"endpoints":[{"url":"https:\/\/a.nel.cloudflare.com\/report\/v3?s=FFP2TT4Ni8vnBYqvZ3phWcryog0vjCkwE%2BuMxRb%2BozKgRvG9xPlQRCOyOhFNv54xj3%2Bk3lxV3tTnl%2F1DlZaG5vlQltq%2BICjcB5wR8vvLyCJrHv7oslMBoNagtg%3D%3D"}],"group":"cf-nel","max_age":604800}
1 < NEL: {"success_fraction":0,"report_to":"cf-nel","max_age":604800}
1 < Server: cloudflare
1 < CF-RAY: 817a113ada25da8b-MIA
{"name":"juan","job":"developer","id":"418","createdAt":"2023-10-17T16:55:06.889Z"}

11:55:39.374 [main]  INFO  com.intuit.karate.Suite - <<pass>> feature 1 of 1 (0 remaining) src/test/java/users/post/user-post.feature
11:55:51.220 [main]  INFO  com.intuit.karate - Karate version: 1.4.1.RC5
11:55:52.467 [main]  INFO  com.intuit.karate.Suite - backed up existing 'target\karate-reports' dir to: target\karate-reports_1697561752454
11:55:52.572 [main]  INFO  c.intuit.karate.core.FeatureRuntime - found scenario at line: 3
11:56:00.695 [main]  DEBUG com.intuit.karate - request:
1 > POST https://reqres.in/api/user/
1 > Content-Type: application/json; charset=UTF-8
1 > Content-Length: 33
1 > Host: reqres.in
1 > Connection: Keep-Alive
1 > User-Agent: Apache-HttpClient/4.5.14 (Java/11.0.20.1)
1 > Accept-Encoding: gzip,deflate
{"name":"juan","job":"developer"}

11:56:43.141 [main]  DEBUG com.intuit.karate - response time in milliseconds: 42437
1 < 201
1 < Date: Tue, 17 Oct 2023 16:56:13 GMT
1 < Content-Type: application/json; charset=utf-8
1 < Content-Length: 82
1 < Connection: keep-alive
1 < Report-To: {"group":"heroku-nel","max_age":3600,"endpoints":[{"url":"https://nel.heroku.com/reports?ts=1697561772&sid=c4c9725f-1ab0-44d8-820f-430df2718e11&s=yEt1DTJqZVmIKqqJcYDyKCdA8sj7HCTOYuMu574NFFQ%3D"}]}
1 < Reporting-Endpoints: heroku-nel=https://nel.heroku.com/reports?ts=1697561772&sid=c4c9725f-1ab0-44d8-820f-430df2718e11&s=yEt1DTJqZVmIKqqJcYDyKCdA8sj7HCTOYuMu574NFFQ%3D
1 < Nel: {"report_to":"heroku-nel","max_age":3600,"success_fraction":0.005,"failure_fraction":0.05,"response_headers":["Via"]}
1 < X-Powered-By: Express
1 < Access-Control-Allow-Origin: *
1 < Etag: W/"52-JASWgoUK6GHfdIUh3hzFhkTAsP4"
1 < Via: 1.1 vegur
1 < CF-Cache-Status: DYNAMIC
1 < Server: cloudflare
1 < CF-RAY: 817a12d81a8d0321-MIA
{"name":"juan","job":"developer","id":"40","createdAt":"2023-10-17T16:56:13.004Z"}

11:56:43.437 [main]  ERROR com.intuit.karate - src/test/java/users/post/user-post.feature:8
And match $.name == 'juanz'
match failed: EQUALS
  $ | not equal (STRING:STRING)
  'juan'
  'juanz'

src/test/java/users/post/user-post.feature:8
11:56:46.770 [main]  INFO  com.intuit.karate.Suite - <<fail>> feature 1 of 1 (0 remaining) src/test/java/users/post/user-post.feature
12:02:54.422 [main]  INFO  com.intuit.karate - Karate version: 1.4.1.RC5
12:02:57.036 [main]  INFO  com.intuit.karate.Suite - backed up existing 'target\karate-reports' dir to: target\karate-reports_1697562177011
12:02:57.251 [main]  INFO  c.intuit.karate.core.FeatureRuntime - found scenario at line: 3
12:03:07.396 [main]  DEBUG com.intuit.karate - request:
1 > POST https://reqres.in/api/user/
1 > Content-Type: application/json; charset=UTF-8
1 > Content-Length: 33
1 > Host: reqres.in
1 > Connection: Keep-Alive
1 > User-Agent: Apache-HttpClient/4.5.14 (Java/11.0.20.1)
1 > Accept-Encoding: gzip,deflate
{"name":"juan","job":"developer"}

12:04:17.199 [main]  DEBUG com.intuit.karate - response time in milliseconds: 69782
1 < 201
1 < Date: Tue, 17 Oct 2023 17:03:47 GMT
1 < Content-Type: application/json; charset=utf-8
1 < Content-Length: 83
1 < Connection: keep-alive
1 < Report-To: {"group":"heroku-nel","max_age":3600,"endpoints":[{"url":"https://nel.heroku.com/reports?ts=1697562226&sid=c4c9725f-1ab0-44d8-820f-430df2718e11&s=4OE0bVIMWn3Kp%2BJcWll6YHC2qC0DSQKy58QdkbNjd1s%3D"}]}
1 < Reporting-Endpoints: heroku-nel=https://nel.heroku.com/reports?ts=1697562226&sid=c4c9725f-1ab0-44d8-820f-430df2718e11&s=4OE0bVIMWn3Kp%2BJcWll6YHC2qC0DSQKy58QdkbNjd1s%3D
1 < Nel: {"report_to":"heroku-nel","max_age":3600,"success_fraction":0.005,"failure_fraction":0.05,"response_headers":["Via"]}
1 < X-Powered-By: Express
1 < Access-Control-Allow-Origin: *
1 < Etag: W/"53-9e6d+9wo9AwGe8cVBQ3bAOsAhEQ"
1 < Via: 1.1 vegur
1 < CF-Cache-Status: DYNAMIC
1 < Server: cloudflare
1 < CF-RAY: 817a1ded3cfe8dae-MIA
{"name":"juan","job":"developer","id":"319","createdAt":"2023-10-17T17:03:46.958Z"}

12:04:17.776 [main]  ERROR com.intuit.karate - src/test/java/users/post/user-post.feature:9
And match $.id == 40
match failed: EQUALS
  $ | data types don't match (STRING:NUMBER)
  '319'
  40

src/test/java/users/post/user-post.feature:9
12:04:21.140 [main]  INFO  com.intuit.karate.Suite - <<fail>> feature 1 of 1 (0 remaining) src/test/java/users/post/user-post.feature
14:09:03.311 [main]  INFO  com.intuit.karate - Karate version: 1.4.1.RC5
14:09:05.864 [main]  INFO  com.intuit.karate.Suite - backed up existing 'target\karate-reports' dir to: target\karate-reports_1697569745828
14:09:06.071 [main]  INFO  c.intuit.karate.core.FeatureRuntime - found scenario at line: 9
14:09:14.626 [main]  ERROR com.intuit.karate - src/test/java/users/post/user-post.feature:10
Given request var
js failed:
>>>>
01: var
<<<<
org.graalvm.polyglot.PolyglotException: SyntaxError: Unnamed:1:3 expected BindingIdentifier or BindingPattern
var
   ^

- org.graalvm.polyglot.Context.eval(Context.java:425)
- com.intuit.karate.graal.JsEngine.evalForValue(JsEngine.java:169)
- com.intuit.karate.graal.JsEngine.eval(JsEngine.java:165)
- com.intuit.karate.core.ScenarioEngine.evalJs(ScenarioEngine.java:1286)
- com.intuit.karate.core.ScenarioEngine.evalKarateExpression(ScenarioEngine.java:2238)
- com.intuit.karate.core.ScenarioEngine.evalKarateExpression(ScenarioEngine.java:2157)
- com.intuit.karate.core.ScenarioEngine.request(ScenarioEngine.java:541)

src/test/java/users/post/user-post.feature:10
14:09:18.963 [main]  INFO  com.intuit.karate.Suite - <<fail>> feature 1 of 1 (0 remaining) src/test/java/users/post/user-post.feature
14:09:42.458 [main]  INFO  com.intuit.karate - Karate version: 1.4.1.RC5
14:09:45.292 [main]  INFO  com.intuit.karate.Suite - backed up existing 'target\karate-reports' dir to: target\karate-reports_1697569785262
14:09:45.538 [main]  INFO  c.intuit.karate.core.FeatureRuntime - found scenario at line: 9
14:09:58.242 [main]  DEBUG com.intuit.karate - request:
1 > POST https://reqres.in/api/users
1 > Content-Type: application/json; charset=UTF-8
1 > Content-Length: 33
1 > Host: reqres.in
1 > Connection: Keep-Alive
1 > User-Agent: Apache-HttpClient/4.5.14 (Java/11.0.20.1)
1 > Accept-Encoding: gzip,deflate
{"name":"juan","job":"developer"}

14:10:13.605 [main]  DEBUG com.intuit.karate - response time in milliseconds: 15340
1 < 201
1 < Date: Tue, 17 Oct 2023 19:09:43 GMT
1 < Content-Type: application/json; charset=utf-8
1 < Content-Length: 83
1 < Connection: keep-alive
1 < Report-To: {"group":"heroku-nel","max_age":3600,"endpoints":[{"url":"https://nel.heroku.com/reports?ts=1697569783&sid=c4c9725f-1ab0-44d8-820f-430df2718e11&s=p6rP%2B99Qwghs29vrjWqhYeI36lpNwHLhGveU3LKVOcM%3D"}]}
1 < Reporting-Endpoints: heroku-nel=https://nel.heroku.com/reports?ts=1697569783&sid=c4c9725f-1ab0-44d8-820f-430df2718e11&s=p6rP%2B99Qwghs29vrjWqhYeI36lpNwHLhGveU3LKVOcM%3D
1 < Nel: {"report_to":"heroku-nel","max_age":3600,"success_fraction":0.005,"failure_fraction":0.05,"response_headers":["Via"]}
1 < X-Powered-By: Express
1 < Access-Control-Allow-Origin: *
1 < Etag: W/"53-abRmDuo9lQLTO73MkkQ23v6hP9M"
1 < Via: 1.1 vegur
1 < CF-Cache-Status: DYNAMIC
1 < Server: cloudflare
1 < CF-RAY: 817ad668994e9ac3-MIA
{"name":"juan","job":"developer","id":"874","createdAt":"2023-10-17T19:09:43.329Z"}

14:10:17.939 [main]  INFO  com.intuit.karate.Suite - <<pass>> feature 1 of 1 (0 remaining) src/test/java/users/post/user-post.feature
14:59:56.312 [main]  INFO  com.intuit.karate - Karate version: 1.4.1.RC5
14:59:56.734 [main]  INFO  com.intuit.karate.Suite - backed up existing 'target\karate-reports' dir to: target\karate-reports_1697572796727
14:59:56.781 [main]  INFO  c.intuit.karate.core.FeatureRuntime - found scenario at line: 15
14:59:58.671 [main]  DEBUG com.intuit.karate - request:
1 > POST https://reqres.in/api/users
1 > Host: reqres.in
1 > Connection: Keep-Alive
1 > User-Agent: Apache-HttpClient/4.5.14 (Java/11.0.20.1)
1 > Accept-Encoding: gzip,deflate


14:59:59.403 [main]  DEBUG com.intuit.karate - response time in milliseconds: 729
1 < 201
1 < Date: Tue, 17 Oct 2023 19:59:29 GMT
1 < Content-Type: application/json; charset=utf-8
1 < Content-Length: 51
1 < Connection: keep-alive
1 < X-Powered-By: Express
1 < Access-Control-Allow-Origin: *
1 < Etag: W/"33-yMBG8uUOBl+Euee99Xe9kBhiYt8"
1 < Via: 1.1 vegur
1 < CF-Cache-Status: DYNAMIC
1 < Report-To: {"endpoints":[{"url":"https:\/\/a.nel.cloudflare.com\/report\/v3?s=lNPNZ0NjNzDMJOJxFIcuc8%2BmkjzueOsztE36EiDFe0P%2B1mEKmAWfwczQwoiUqpbElkCtTLMeN3xBf%2BmHQGURMOOr%2FpAHk08XtAtARi6y8ZNwVgyGXv97jfFy3g%3D%3D"}],"group":"cf-nel","max_age":604800}
1 < NEL: {"success_fraction":0,"report_to":"cf-nel","max_age":604800}
1 < Server: cloudflare
1 < CF-RAY: 817b1f4e9a430329-MIA
{"id":"338","createdAt":"2023-10-17T19:59:29.246Z"}

14:59:59.408 [main]  INFO  c.intuit.karate.core.FeatureRuntime - found scenario at line: 15
14:59:59.416 [main]  DEBUG com.intuit.karate - request:
1 > POST https://reqres.in/api/users
1 > Host: reqres.in
1 > Connection: Keep-Alive
1 > User-Agent: Apache-HttpClient/4.5.14 (Java/11.0.20.1)
1 > Accept-Encoding: gzip,deflate


14:59:59.963 [main]  DEBUG com.intuit.karate - response time in milliseconds: 546
1 < 201
1 < Date: Tue, 17 Oct 2023 19:59:29 GMT
1 < Content-Type: application/json; charset=utf-8
1 < Content-Length: 51
1 < Connection: keep-alive
1 < X-Powered-By: Express
1 < Access-Control-Allow-Origin: *
1 < Etag: W/"33-wv/Br3uaMoNqiry9/3C3qK3YDKw"
1 < Via: 1.1 vegur
1 < CF-Cache-Status: DYNAMIC
1 < Report-To: {"endpoints":[{"url":"https:\/\/a.nel.cloudflare.com\/report\/v3?s=KqrA9iOnGt0siRbSi7ujVXV%2BzLCLYObnRXoPM4tu9rfyFJyw49OA7ROM9lkbYS718qSUnq%2Fl0AM7rdvaKCClDvZzuDIS0fI7nzKDqHIFSoup0lJBdRN0wFa1pA%3D%3D"}],"group":"cf-nel","max_age":604800}
1 < NEL: {"success_fraction":0,"report_to":"cf-nel","max_age":604800}
1 < Server: cloudflare
1 < CF-RAY: 817b1f52190902f9-MIA
{"id":"643","createdAt":"2023-10-17T19:59:29.798Z"}

15:00:00.661 [main]  INFO  com.intuit.karate.Suite - <<pass>> feature 1 of 1 (0 remaining) src/test/java/users/post/user-post.feature
15:05:01.839 [main]  INFO  com.intuit.karate - Karate version: 1.4.1.RC5
15:05:02.277 [main]  INFO  com.intuit.karate.Suite - backed up existing 'target\karate-reports' dir to: target\karate-reports_1697573102270
15:05:02.317 [main]  INFO  c.intuit.karate.core.FeatureRuntime - found scenario at line: 3
15:05:04.411 [main]  DEBUG com.intuit.karate - request:
1 > POST https://reqres.in/api/users
1 > Content-Type: application/json; charset=UTF-8
1 > Content-Length: 33
1 > Host: reqres.in
1 > Connection: Keep-Alive
1 > User-Agent: Apache-HttpClient/4.5.14 (Java/11.0.20.1)
1 > Accept-Encoding: gzip,deflate
{"name":"juan","job":"developer"}

15:05:05.159 [main]  DEBUG com.intuit.karate - response time in milliseconds: 746
1 < 201
1 < Date: Tue, 17 Oct 2023 20:04:35 GMT
1 < Content-Type: application/json; charset=utf-8
1 < Content-Length: 83
1 < Connection: keep-alive
1 < X-Powered-By: Express
1 < Access-Control-Allow-Origin: *
1 < Etag: W/"53-F1yODMdsTjtDj77LZWqk7DoZWdY"
1 < Via: 1.1 vegur
1 < CF-Cache-Status: DYNAMIC
1 < Report-To: {"endpoints":[{"url":"https:\/\/a.nel.cloudflare.com\/report\/v3?s=wR5pxlR1PTxvuN%2Ft67d9XcRjcjIAZXpFQ%2FNqo6RYH1dZecaF3fxXIgnf0UCUtth6kS6fS7F%2BKxjk15docl7FpSs%2B%2BHOC09Dfo2Ar7erm1QcDeh9I3qAPi2%2F4LQ%3D%3D"}],"group":"cf-nel","max_age":604800}
1 < NEL: {"success_fraction":0,"report_to":"cf-nel","max_age":604800}
1 < Server: cloudflare
1 < CF-RAY: 817b26c59bd24c02-MIA
{"name":"juan","job":"developer","id":"778","createdAt":"2023-10-17T20:04:34.999Z"}

15:05:05.892 [main]  INFO  com.intuit.karate.Suite - <<pass>> feature 1 of 1 (0 remaining) src/test/java/users/post/user_post_snippets.feature
15:09:11.610 [main]  INFO  com.intuit.karate - Karate version: 1.4.1.RC5
15:09:12.046 [main]  INFO  com.intuit.karate.Suite - backed up existing 'target\karate-reports' dir to: target\karate-reports_1697573352041
15:09:12.090 [main]  INFO  c.intuit.karate.core.FeatureRuntime - found scenario at line: 3
15:09:13.440 [main]  INFO  c.intuit.karate.core.FeatureRuntime - src/test/java/users/delete/../post/user_post_snippets.feature - call by tag at line 4: Create
15:09:14.327 [main]  DEBUG com.intuit.karate - request:
1 > POST https://reqres.in/api/users
1 > Content-Type: application/json; charset=UTF-8
1 > Content-Length: 33
1 > Host: reqres.in
1 > Connection: Keep-Alive
1 > User-Agent: Apache-HttpClient/4.5.14 (Java/11.0.20.1)
1 > Accept-Encoding: gzip,deflate
{"name":"juan","job":"developer"}

15:09:15.006 [main]  DEBUG com.intuit.karate - response time in milliseconds: 675
1 < 201
1 < Date: Tue, 17 Oct 2023 20:08:44 GMT
1 < Content-Type: application/json; charset=utf-8
1 < Content-Length: 83
1 < Connection: keep-alive
1 < Report-To: {"group":"heroku-nel","max_age":3600,"endpoints":[{"url":"https://nel.heroku.com/reports?ts=1697573324&sid=c4c9725f-1ab0-44d8-820f-430df2718e11&s=%2FDpOSRj8j8JrpvZiMmcb19WrqHhvB%2BF1et%2Bgb2ymjb8%3D"}]}
1 < Reporting-Endpoints: heroku-nel=https://nel.heroku.com/reports?ts=1697573324&sid=c4c9725f-1ab0-44d8-820f-430df2718e11&s=%2FDpOSRj8j8JrpvZiMmcb19WrqHhvB%2BF1et%2Bgb2ymjb8%3D
1 < Nel: {"report_to":"heroku-nel","max_age":3600,"success_fraction":0.005,"failure_fraction":0.05,"response_headers":["Via"]}
1 < X-Powered-By: Express
1 < Access-Control-Allow-Origin: *
1 < Etag: W/"53-8gx+5J1paHnSolVVYJ/ywhdKKUE"
1 < Via: 1.1 vegur
1 < CF-Cache-Status: DYNAMIC
1 < Server: cloudflare
1 < CF-RAY: 817b2cdf097b2878-MIA
{"name":"juan","job":"developer","id":"600","createdAt":"2023-10-17T20:08:44.831Z"}

15:09:15.049 [main]  DEBUG com.intuit.karate - request:
1 > DELETE https://reqres.in/api/user/600
1 > Host: reqres.in
1 > Connection: Keep-Alive
1 > User-Agent: Apache-HttpClient/4.5.14 (Java/11.0.20.1)
1 > Accept-Encoding: gzip,deflate


15:09:15.606 [main]  DEBUG com.intuit.karate - response time in milliseconds: 556
1 < 204
1 < Date: Tue, 17 Oct 2023 20:08:45 GMT
1 < Content-Length: 0
1 < Connection: keep-alive
1 < X-Powered-By: Express
1 < Access-Control-Allow-Origin: *
1 < Etag: W/"2-vyGp6PvFo4RvsFtPoIWeCReyIC8"
1 < Via: 1.1 vegur
1 < CF-Cache-Status: DYNAMIC
1 < Report-To: {"endpoints":[{"url":"https:\/\/a.nel.cloudflare.com\/report\/v3?s=8y2OcCWnZdJ2iRljZm2tiUMIHnIPsaKpkLVpSABGwrBf39byO2MzfHHQbcZUBZTH%2BYaMD7esPe3rI6v%2F%2FfZcaZZXfdRH0LNg4Cac0yrevETfTvPRUiFWC0DcgQ%3D%3D"}],"group":"cf-nel","max_age":604800}
1 < NEL: {"success_fraction":0,"report_to":"cf-nel","max_age":604800}
1 < Server: cloudflare
1 < CF-RAY: 817b2ce2de3c528d-TLH


15:09:16.311 [main]  INFO  com.intuit.karate.Suite - <<pass>> feature 1 of 1 (0 remaining) src/test/java/users/delete/delete-user.feature
15:36:01.396 [main]  INFO  com.intuit.karate - Karate version: 1.4.1.RC5
15:36:01.885 [main]  INFO  com.intuit.karate.Suite - backed up existing 'target\karate-reports' dir to: target\karate-reports_1697574961879
15:36:01.929 [main]  INFO  c.intuit.karate.core.FeatureRuntime - found scenario at line: 8
15:36:04.216 [main]  DEBUG com.intuit.karate - request:
1 > GET https://reqres.in/api/user?page=1
1 > Host: reqres.in
1 > Connection: Keep-Alive
1 > User-Agent: Apache-HttpClient/4.5.14 (Java/11.0.20.1)
1 > Accept-Encoding: gzip,deflate


15:36:05.031 [main]  DEBUG com.intuit.karate - response time in milliseconds: 811
1 < 200
1 < Date: Tue, 17 Oct 2023 20:35:34 GMT
1 < Content-Type: application/json; charset=utf-8
1 < Transfer-Encoding: chunked
1 < Connection: keep-alive
1 < X-Powered-By: Express
1 < Access-Control-Allow-Origin: *
1 < Etag: W/"2c1-N6Rqerxquq2kgQhL51EiSg4x0R8"
1 < Via: 1.1 vegur
1 < Cache-Control: max-age=14400
1 < CF-Cache-Status: MISS
1 < Report-To: {"endpoints":[{"url":"https:\/\/a.nel.cloudflare.com\/report\/v3?s=1lxy%2Fwp0poR0PyScGWpfMq9qBVn15hmrFzXT5bR4sXzQAPmHbGtUsd%2F2dk9G8gzhB3rsWWzkMUW%2FUCUEl5Ot7SdY%2BpRwEgeB%2F5f2Me6QYcQIcIAKNXbOC3rwXA%3D%3D"}],"group":"cf-nel","max_age":604800}
1 < NEL: {"success_fraction":0,"report_to":"cf-nel","max_age":604800}
1 < Vary: Accept-Encoding
1 < Server: cloudflare
1 < CF-RAY: 817b542db8704960-MIA
{"page":1,"per_page":6,"total":12,"total_pages":2,"data":[{"id":1,"name":"cerulean","year":2000,"color":"#98B2D1","pantone_value":"15-4020"},{"id":2,"name":"fuchsia rose","year":2001,"color":"#C74375","pantone_value":"17-2031"},{"id":3,"name":"true red","year":2002,"color":"#BF1932","pantone_value":"19-1664"},{"id":4,"name":"aqua sky","year":2003,"color":"#7BC4C4","pantone_value":"14-4811"},{"id":5,"name":"tigerlily","year":2004,"color":"#E2583E","pantone_value":"17-1456"},{"id":6,"name":"blue turquoise","year":2005,"color":"#53B0AE","pantone_value":"15-5217"}],"support":{"url":"https://reqres.in/#support-heading","text":"To keep ReqRes free, contributions towards server costs are appreciated!"}}

15:36:05.858 [main]  INFO  com.intuit.karate.Suite - <<pass>> feature 1 of 1 (0 remaining) src/test/java/users/get/get-user.feature
15:38:59.585 [main]  INFO  com.intuit.karate - Karate version: 1.4.1.RC5
15:39:00.076 [main]  INFO  com.intuit.karate.Suite - backed up existing 'target\karate-reports' dir to: target\karate-reports_1697575140070
15:39:00.129 [main]  INFO  c.intuit.karate.core.FeatureRuntime - found scenario at line: 8
15:39:02.298 [main]  DEBUG com.intuit.karate - request:
1 > GET https://reqres.in/api/user?page=1
1 > Host: reqres.in
1 > Connection: Keep-Alive
1 > User-Agent: Apache-HttpClient/4.5.14 (Java/11.0.20.1)
1 > Accept-Encoding: gzip,deflate


15:39:02.935 [main]  DEBUG com.intuit.karate - response time in milliseconds: 633
1 < 200
1 < Date: Tue, 17 Oct 2023 20:38:32 GMT
1 < Content-Type: application/json; charset=utf-8
1 < Transfer-Encoding: chunked
1 < Connection: keep-alive
1 < X-Powered-By: Express
1 < Access-Control-Allow-Origin: *
1 < Etag: W/"2c1-N6Rqerxquq2kgQhL51EiSg4x0R8"
1 < Via: 1.1 vegur
1 < Cache-Control: max-age=14400
1 < CF-Cache-Status: MISS
1 < Report-To: {"endpoints":[{"url":"https:\/\/a.nel.cloudflare.com\/report\/v3?s=yiw%2FaLiAo%2FvyN6JgOj0fF%2BVA2Z20L6z%2FqS2DwKyTrT%2BOYo6l1xqJpkwzV4XV164Av2fYGjhXerUACGj403RxTcuw2p2BQiFw7tfWXQkZ7ZXAaMELpGXb4G9v5g%3D%3D"}],"group":"cf-nel","max_age":604800}
1 < NEL: {"success_fraction":0,"report_to":"cf-nel","max_age":604800}
1 < Vary: Accept-Encoding
1 < Server: cloudflare
1 < CF-RAY: 817b5885dfba06f4-ATL
{"page":1,"per_page":6,"total":12,"total_pages":2,"data":[{"id":1,"name":"cerulean","year":2000,"color":"#98B2D1","pantone_value":"15-4020"},{"id":2,"name":"fuchsia rose","year":2001,"color":"#C74375","pantone_value":"17-2031"},{"id":3,"name":"true red","year":2002,"color":"#BF1932","pantone_value":"19-1664"},{"id":4,"name":"aqua sky","year":2003,"color":"#7BC4C4","pantone_value":"14-4811"},{"id":5,"name":"tigerlily","year":2004,"color":"#E2583E","pantone_value":"17-1456"},{"id":6,"name":"blue turquoise","year":2005,"color":"#53B0AE","pantone_value":"15-5217"}],"support":{"url":"https://reqres.in/#support-heading","text":"To keep ReqRes free, contributions towards server costs are appreciated!"}}

15:39:03.644 [main]  INFO  com.intuit.karate.Suite - <<pass>> feature 1 of 1 (0 remaining) src/test/java/users/get/get-user.feature
15:39:19.215 [main]  INFO  com.intuit.karate - Karate version: 1.4.1.RC5
15:39:19.676 [main]  INFO  com.intuit.karate.Suite - backed up existing 'target\karate-reports' dir to: target\karate-reports_1697575159670
15:39:19.717 [main]  INFO  c.intuit.karate.core.FeatureRuntime - found scenario at line: 8
15:39:21.951 [main]  DEBUG com.intuit.karate - request:
1 > GET https://reqres.in/api/user?page=1
1 > Host: reqres.in
1 > Connection: Keep-Alive
1 > User-Agent: Apache-HttpClient/4.5.14 (Java/11.0.20.1)
1 > Accept-Encoding: gzip,deflate


15:39:22.378 [main]  DEBUG com.intuit.karate - response time in milliseconds: 424
1 < 200
1 < Date: Tue, 17 Oct 2023 20:38:52 GMT
1 < Content-Type: application/json; charset=utf-8
1 < Transfer-Encoding: chunked
1 < Connection: keep-alive
1 < X-Powered-By: Express
1 < Access-Control-Allow-Origin: *
1 < Etag: W/"2c1-N6Rqerxquq2kgQhL51EiSg4x0R8"
1 < Via: 1.1 vegur
1 < Cache-Control: max-age=14400
1 < CF-Cache-Status: HIT
1 < Age: 338
1 < Report-To: {"endpoints":[{"url":"https:\/\/a.nel.cloudflare.com\/report\/v3?s=zs65eToH1lGSZEZxs5lpbxT%2FDxPSo8WKcsZHNxhUDo4SfSa5lDK%2B%2FZiSyjfjhaMbO0U6jxf5X%2Fohx8XiKr4iIps14m7Ry5k1Y1YFvEiji%2FCMQdfaex%2ByuFaRZg%3D%3D"}],"group":"cf-nel","max_age":604800}
1 < NEL: {"success_fraction":0,"report_to":"cf-nel","max_age":604800}
1 < Vary: Accept-Encoding
1 < Server: cloudflare
1 < CF-RAY: 817b59009d6f575c-TLH
{"page":1,"per_page":6,"total":12,"total_pages":2,"data":[{"id":1,"name":"cerulean","year":2000,"color":"#98B2D1","pantone_value":"15-4020"},{"id":2,"name":"fuchsia rose","year":2001,"color":"#C74375","pantone_value":"17-2031"},{"id":3,"name":"true red","year":2002,"color":"#BF1932","pantone_value":"19-1664"},{"id":4,"name":"aqua sky","year":2003,"color":"#7BC4C4","pantone_value":"14-4811"},{"id":5,"name":"tigerlily","year":2004,"color":"#E2583E","pantone_value":"17-1456"},{"id":6,"name":"blue turquoise","year":2005,"color":"#53B0AE","pantone_value":"15-5217"}],"support":{"url":"https://reqres.in/#support-heading","text":"To keep ReqRes free, contributions towards server costs are appreciated!"}}

15:39:22.429 [main]  ERROR com.intuit.karate - src/test/java/users/get/get-user.feature:13
And match $ == jsonRes
match failed: EQUALS
  $ | not equal | match failed for name: 'data' (MAP:MAP)
  {"page":1,"per_page":6,"total":12,"total_pages":2,"data":[{"id":1,"name":"cerulean","year":2000,"color":"#98B2D1","pantone_value":"15-4020"},{"id":2,"name":"fuchsia rose","year":2001,"color":"#C74375","pantone_value":"17-2031"},{"id":3,"name":"true red","year":2002,"color":"#BF1932","pantone_value":"19-1664"},{"id":4,"name":"aqua sky","year":2003,"color":"#7BC4C4","pantone_value":"14-4811"},{"id":5,"name":"tigerlily","year":2004,"color":"#E2583E","pantone_value":"17-1456"},{"id":6,"name":"blue turquoise","year":2005,"color":"#53B0AE","pantone_value":"15-5217"}],"support":{"url":"https://reqres.in/#support-heading","text":"To keep ReqRes free, contributions towards server costs are appreciated!"}}
  {"page":1,"per_page":6,"total":12,"total_pages":2,"data":[{"id":1,"name":"cerulean","year":2000,"color":"#98B2D1","pantone_value":"15-4020"},{"id":2,"name":"fuchsia rose","year":2001,"color":"#C74375","pantone_value":"17-2031"},{"id":3,"name":"true red","year":2002,"color":"#BF1932","pantone_value":"19-1664"},{"id":4,"name":"aqua sky","year":2003,"color":"#7BC4C4","pantone_value":"14-4811"},{"id":5,"name":"tigerlily","year":2004,"color":"#E2583E","pantone_value":"17-1456"},{"id":6,"name":"blue turquoise","year":2005,"color":"#53B0AE","pantone_value":"15-521s7"}],"support":{"url":"https://reqres.in/#support-heading","text":"To keep ReqRes free, contributions towards server costs are appreciated!"}}

    $.data | not equal | array match failed at index 5 (LIST:LIST)
    [{"id":1,"name":"cerulean","year":2000,"color":"#98B2D1","pantone_value":"15-4020"},{"id":2,"name":"fuchsia rose","year":2001,"color":"#C74375","pantone_value":"17-2031"},{"id":3,"name":"true red","year":2002,"color":"#BF1932","pantone_value":"19-1664"},{"id":4,"name":"aqua sky","year":2003,"color":"#7BC4C4","pantone_value":"14-4811"},{"id":5,"name":"tigerlily","year":2004,"color":"#E2583E","pantone_value":"17-1456"},{"id":6,"name":"blue turquoise","year":2005,"color":"#53B0AE","pantone_value":"15-5217"}]
    [{"id":1,"name":"cerulean","year":2000,"color":"#98B2D1","pantone_value":"15-4020"},{"id":2,"name":"fuchsia rose","year":2001,"color":"#C74375","pantone_value":"17-2031"},{"id":3,"name":"true red","year":2002,"color":"#BF1932","pantone_value":"19-1664"},{"id":4,"name":"aqua sky","year":2003,"color":"#7BC4C4","pantone_value":"14-4811"},{"id":5,"name":"tigerlily","year":2004,"color":"#E2583E","pantone_value":"17-1456"},{"id":6,"name":"blue turquoise","year":2005,"color":"#53B0AE","pantone_value":"15-521s7"}]

      $.data[5] | not equal | match failed for name: 'pantone_value' (MAP:MAP)
      {"id":6,"name":"blue turquoise","year":2005,"color":"#53B0AE","pantone_value":"15-5217"}
      {"id":6,"name":"blue turquoise","year":2005,"color":"#53B0AE","pantone_value":"15-521s7"}

        $.data[5].pantone_value | not equal (STRING:STRING)
        '15-5217'
        '15-521s7'

src/test/java/users/get/get-user.feature:13
15:39:23.083 [main]  INFO  com.intuit.karate.Suite - <<fail>> feature 1 of 1 (0 remaining) src/test/java/users/get/get-user.feature
15:39:29.906 [main]  INFO  com.intuit.karate - Karate version: 1.4.1.RC5
15:39:30.376 [main]  INFO  com.intuit.karate.Suite - backed up existing 'target\karate-reports' dir to: target\karate-reports_1697575170369
15:39:30.428 [main]  INFO  c.intuit.karate.core.FeatureRuntime - found scenario at line: 8
15:39:32.631 [main]  DEBUG com.intuit.karate - request:
1 > GET https://reqres.in/api/user?page=1
1 > Host: reqres.in
1 > Connection: Keep-Alive
1 > User-Agent: Apache-HttpClient/4.5.14 (Java/11.0.20.1)
1 > Accept-Encoding: gzip,deflate


15:39:33.080 [main]  DEBUG com.intuit.karate - response time in milliseconds: 446
1 < 200
1 < Date: Tue, 17 Oct 2023 20:39:02 GMT
1 < Content-Type: application/json; charset=utf-8
1 < Transfer-Encoding: chunked
1 < Connection: keep-alive
1 < X-Powered-By: Express
1 < Access-Control-Allow-Origin: *
1 < Etag: W/"2c1-N6Rqerxquq2kgQhL51EiSg4x0R8"
1 < Via: 1.1 vegur
1 < Cache-Control: max-age=14400
1 < CF-Cache-Status: HIT
1 < Age: 208
1 < Report-To: {"endpoints":[{"url":"https:\/\/a.nel.cloudflare.com\/report\/v3?s=KYWgsPIxkOEQH%2BCKs7JHr1Z5RWRdoOd2X6ENdS48ZSu6dpp0CUft%2BEFM6dP9bCF3aFKwFDoANHSHFl4Q9IYd0DTGspwVBlCQ5MNWzVXnMtk1VUgg7vI67EFN9Q%3D%3D"}],"group":"cf-nel","max_age":604800}
1 < NEL: {"success_fraction":0,"report_to":"cf-nel","max_age":604800}
1 < Vary: Accept-Encoding
1 < Server: cloudflare
1 < CF-RAY: 817b59437a62d9d1-MIA
{"page":1,"per_page":6,"total":12,"total_pages":2,"data":[{"id":1,"name":"cerulean","year":2000,"color":"#98B2D1","pantone_value":"15-4020"},{"id":2,"name":"fuchsia rose","year":2001,"color":"#C74375","pantone_value":"17-2031"},{"id":3,"name":"true red","year":2002,"color":"#BF1932","pantone_value":"19-1664"},{"id":4,"name":"aqua sky","year":2003,"color":"#7BC4C4","pantone_value":"14-4811"},{"id":5,"name":"tigerlily","year":2004,"color":"#E2583E","pantone_value":"17-1456"},{"id":6,"name":"blue turquoise","year":2005,"color":"#53B0AE","pantone_value":"15-5217"}],"support":{"url":"https://reqres.in/#support-heading","text":"To keep ReqRes free, contributions towards server costs are appreciated!"}}

15:39:33.784 [main]  INFO  com.intuit.karate.Suite - <<pass>> feature 1 of 1 (0 remaining) src/test/java/users/get/get-user.feature
